<?xml version="1.0" encoding="UTF-8" ?>
<testsuite errors="1" failures="0" hostname="vm03.students.learn.co" name="com.flatironschool.javacs.WikiPhilosophyTest" skipped="0" tests="1" time="1.275" timestamp="2016-06-16T18:31:53">
  <properties>
    <property name="java.vendor" value="Oracle Corporation" />
    <property name="sun.java.launcher" value="SUN_STANDARD" />
    <property name="sun.management.compiler" value="HotSpot 64-Bit Tiered Compilers" />
    <property name="env._system_arch" value="x86_64" />
    <property name="env.GEM_HOME" value="/usr/local/rvm/gems/ruby-2.3.0" />
    <property name="os.name" value="Linux" />
    <property name="sun.boot.class.path" value="/usr/lib/jvm/java-7-openjdk-amd64/jre/lib/resources.jar:/usr/lib/jvm/java-7-openjdk-amd64/jre/lib/rt.jar:/usr/lib/jvm/java-7-openjdk-amd64/jre/lib/sunrsasign.jar:/usr/lib/jvm/java-7-openjdk-amd64/jre/lib/jsse.jar:/usr/lib/jvm/java-7-openjdk-amd64/jre/lib/jce.jar:/usr/lib/jvm/java-7-openjdk-amd64/jre/lib/charsets.jar:/usr/lib/jvm/java-7-openjdk-amd64/jre/lib/rhino.jar:/usr/lib/jvm/java-7-openjdk-amd64/jre/lib/jfr.jar:/usr/lib/jvm/java-7-openjdk-amd64/jre/classes" />
    <property name="env.PWD" value="/home/cheryllimer/code/labs/cs-wikipedia-philosophy-lab-codeU" />
    <property name="env.LANG" value="en_US.UTF-8" />
    <property name="java.vm.specification.vendor" value="Oracle Corporation" />
    <property name="ant.home" value="/usr/share/ant" />
    <property name="java.runtime.version" value="1.7.0_101-b00" />
    <property name="env.MY_RUBY_HOME" value="/usr/local/rvm/rubies/ruby-2.3.0" />
    <property name="env.rvm_version" value="1.27.0 (latest)" />
    <property name="user.name" value="cheryllimer" />
    <property name="env._" value="/usr/local/rvm/gems/ruby-2.3.0/bin/learn" />
    <property name="env.USER" value="cheryllimer" />
    <property name="env.SHELL" value="/bin/bash" />
    <property name="env.NODE_PATH" value="/usr/lib/nodejs:/usr/lib/node_modules:/usr/share/javascript" />
    <property name="env._system_type" value="Linux" />
    <property name="env.PATH" value="/var/opt/rails/bin:/var/opt/httpserver/bin:/var/opt/atom/bin:/var/opt/shotgun/bin:/var/opt/rackup/bin:/var/opt/jekyll/bin:/var/opt/rails/bin:/var/opt/httpserver/bin:/var/opt/atom/bin:/var/opt/shotgun/bin:/var/opt/rackup/bin:/var/opt/jekyll/bin:/var/opt/rails/bin:/var/opt/httpserver/bin:/var/opt/atom/bin:/var/opt/shotgun/bin:/var/opt/rackup/bin:/var/opt/jekyll/bin:/var/opt/rails/bin:/var/opt/httpserver/bin:/var/opt/atom/bin:/var/opt/shotgun/bin:/var/opt/rackup/bin:/var/opt/jekyll/bin:/var/opt/rails/bin:/var/opt/httpserver/bin:/var/opt/atom/bin:/var/opt/shotgun/bin:/var/opt/rackup/bin:/var/opt/jekyll/bin:/usr/local/rvm/gems/ruby-2.3.0/bin:/usr/local/rvm/gems/ruby-2.3.0@global/bin:/usr/local/rvm/rubies/ruby-2.3.0/bin:/usr/local/bin:/usr/bin:/bin:/usr/local/games:/usr/games:/usr/local/rvm/bin" />
    <property name="user.language" value="en" />
    <property name="env.BUNDLE_ORIG_GEM_PATH" value="/usr/local/rvm/gems/ruby-2.3.0:/usr/local/rvm/gems/ruby-2.3.0@global" />
    <property name="env.rvm_prefix" value="/usr/local" />
    <property name="sun.boot.library.path" value="/usr/lib/jvm/java-7-openjdk-amd64/jre/lib/amd64" />
    <property name="ant.project.default-target" value="build" />
    <property name="ant.project.name" value="JavaCS" />
    <property name="env.rvm_path" value="/usr/local/rvm" />
    <property name="env.RUBY_VERSION" value="ruby-2.3.0" />
    <property name="java.version" value="1.7.0_101" />
    <property name="user.timezone" value="" />
    <property name="sun.arch.data.model" value="64" />
    <property name="env._system_name" value="Ubuntu" />
    <property name="java.endorsed.dirs" value="/usr/lib/jvm/java-7-openjdk-amd64/jre/lib/endorsed" />
    <property name="sun.cpu.isalist" value="" />
    <property name="sun.jnu.encoding" value="UTF-8" />
    <property name="env.rvm_bin_path" value="/usr/local/rvm/bin" />
    <property name="file.encoding.pkg" value="sun.io" />
    <property name="env.SHLVL" value="5" />
    <property name="file.separator" value="/" />
    <property name="env._system_version" value="14.04" />
    <property name="java.specification.name" value="Java Platform API Specification" />
    <property name="java.class.version" value="51.0" />
    <property name="env.BUNDLE_ORIG_PATH" value="/var/opt/rails/bin:/var/opt/httpserver/bin:/var/opt/atom/bin:/var/opt/shotgun/bin:/var/opt/rackup/bin:/var/opt/jekyll/bin:/usr/local/rvm/gems/ruby-2.3.0/bin:/usr/local/rvm/gems/ruby-2.3.0@global/bin:/usr/local/rvm/rubies/ruby-2.3.0/bin:/usr/local/bin:/usr/bin:/bin:/usr/local/games:/usr/games:/usr/local/rvm/bin" />
    <property name="user.country" value="US" />
    <property name="ant.file.JavaCS" value="/home/cheryllimer/code/labs/cs-wikipedia-philosophy-lab-codeU/javacs-lab05/build.xml" />
    <property name="java.home" value="/usr/lib/jvm/java-7-openjdk-amd64/jre" />
    <property name="java.vm.info" value="mixed mode" />
    <property name="env.LOGNAME" value="cheryllimer" />
    <property name="ant.file" value="/home/cheryllimer/code/labs/cs-wikipedia-philosophy-lab-codeU/javacs-lab05/build.xml" />
    <property name="os.version" value="3.13.0-79-generic" />
    <property name="path.separator" value=":" />
    <property name="java.vm.version" value="24.95-b01" />
    <property name="ant.library.dir" value="/usr/share/ant/lib" />
    <property name="junit.output.dir" value="junit" />
    <property name="env.IRBRC" value="/usr/local/rvm/rubies/ruby-2.3.0/.irbrc" />
    <property name="java.awt.printerjob" value="sun.print.PSPrinterJob" />
    <property name="env.TERM" value="xterm-256color" />
    <property name="sun.io.unicode.encoding" value="UnicodeLittle" />
    <property name="awt.toolkit" value="sun.awt.X11.XToolkit" />
    <property name="env.GEM_PATH" value="/usr/local/rvm/gems/ruby-2.3.0:/usr/local/rvm/gems/ruby-2.3.0@global" />
    <property name="user.home" value="/home/cheryllimer" />
    <property name="target" value="1.7" />
    <property name="java.specification.vendor" value="Oracle Corporation" />
    <property name="env.COMP_WORDBREAKS" value=" &#x9;&#xa;&quot;&apos;&gt;&lt;;|&amp;(:" />
    <property name="java.library.path" value="/usr/java/packages/lib/amd64:/usr/lib/x86_64-linux-gnu/jni:/lib/x86_64-linux-gnu:/usr/lib/x86_64-linux-gnu:/usr/lib/jni:/lib:/usr/lib" />
    <property name="java.vendor.url" value="http://java.oracle.com/" />
    <property name="java.vm.vendor" value="Oracle Corporation" />
    <property name="java.runtime.name" value="OpenJDK Runtime Environment" />
    <property name="ant.version" value="Apache Ant(TM) version 1.9.3 compiled on April 8 2014" />
    <property name="sun.java.command" value="org.apache.tools.ant.taskdefs.optional.junit.JUnitTestRunner com.flatironschool.javacs.WikiPhilosophyTest skipNonTests=false filtertrace=true haltOnError=false haltOnFailure=false formatter=org.apache.tools.ant.taskdefs.optional.junit.OutErrSummaryJUnitResultFormatter showoutput=false outputtoformatters=true logfailedtests=true logtestlistenerevents=false formatter=org.apache.tools.ant.taskdefs.optional.junit.XMLJUnitResultFormatter,/home/cheryllimer/code/labs/cs-wikipedia-philosophy-lab-codeU/javacs-lab05/junit/TEST-com.flatironschool.javacs.WikiPhilosophyTest.xml formatter=org.apache.tools.ant.taskdefs.optional.junit.PlainJUnitResultFormatter crashfile=/home/cheryllimer/code/labs/cs-wikipedia-philosophy-lab-codeU/javacs-lab05/junitvmwatcher4995196877961230373.properties propsfile=/home/cheryllimer/code/labs/cs-wikipedia-philosophy-lab-codeU/javacs-lab05/junit6159779017465924365.properties" />
    <property name="java.class.path" value="/home/cheryllimer/code/labs/cs-wikipedia-philosophy-lab-codeU/javacs-lab05/bin:/home/cheryllimer/code/labs/cs-wikipedia-philosophy-lab-codeU/javacs-lab05/lib/jsoup-1.8.3.jar:/home/cheryllimer/code/labs/cs-wikipedia-philosophy-lab-codeU/javacs-lab05/lib/junit-4.12.jar:/home/cheryllimer/code/labs/cs-wikipedia-philosophy-lab-codeU/javacs-lab05/lib/hamcrest-core-1.3.jar:/usr/share/java/ant-launcher-1.9.3.jar:/usr/share/ant/lib/ant.jar:/usr/share/ant/lib/ant-junit.jar:/usr/share/ant/lib/ant-junit4.jar" />
    <property name="env.XDG_SESSION_ID" value="c5302" />
    <property name="ant.file.type.JavaCS" value="file" />
    <property name="java.vm.specification.name" value="Java Virtual Machine Specification" />
    <property name="ant.file.type" value="file" />
    <property name="java.vm.specification.version" value="1.7" />
    <property name="sun.cpu.endian" value="little" />
    <property name="sun.os.patch.level" value="unknown" />
    <property name="env.HOME" value="/home/cheryllimer" />
    <property name="debuglevel" value="source,lines,vars" />
    <property name="java.io.tmpdir" value="/tmp" />
    <property name="java.vendor.url.bug" value="http://bugreport.sun.com/bugreport/" />
    <property name="java.awt.graphicsenv" value="sun.awt.X11GraphicsEnvironment" />
    <property name="os.arch" value="amd64" />
    <property name="env.PS4" value="+ " />
    <property name="env.XDG_RUNTIME_DIR" value="/run/user/7569" />
    <property name="java.ext.dirs" value="/usr/lib/jvm/java-7-openjdk-amd64/jre/lib/ext:/usr/java/packages/lib/ext" />
    <property name="env.rvm_gem_options" value="--no-ri --no-rdoc" />
    <property name="env.PS2" value="&gt; " />
    <property name="user.dir" value="/home/cheryllimer/code/labs/cs-wikipedia-philosophy-lab-codeU" />
    <property name="env.PS1" value="\[\e]2;\u@\h\a[\e[37;44;1m\]\t\[\e[0m\]]\[\033[0;31m\]$(parse_git_branch) \[\e[32m\]\W\[\e[0m\]\n\[\e[0;31m\]\[\e[0;49;34m\]//\[\033[0;31m\] â™¥ \[\e[0m\]" />
    <property name="line.separator" value="&#xa;" />
    <property name="java.vm.name" value="OpenJDK 64-Bit Server VM" />
    <property name="basedir" value="/home/cheryllimer/code/labs/cs-wikipedia-philosophy-lab-codeU/javacs-lab05" />
    <property name="ant.java.version" value="1.7" />
    <property name="ant.core.lib" value="/usr/share/ant/lib/ant.jar" />
    <property name="source" value="1.7" />
    <property name="env.MAIL" value="/var/mail/cheryllimer" />
    <property name="file.encoding" value="UTF-8" />
    <property name="java.specification.version" value="1.7" />
    <property name="ant.project.invoked-targets" value="test" />
  </properties>
  <testcase classname="com.flatironschool.javacs.WikiPhilosophyTest" name="testMain" time="1.188">
    <error message="Complete this lab by adding your code and removing this statement." type="java.lang.UnsupportedOperationException">java.lang.UnsupportedOperationException: Complete this lab by adding your code and removing this statement.
	at com.flatironschool.javacs.WikiPhilosophy.main(WikiPhilosophy.java:49)
	at com.flatironschool.javacs.WikiPhilosophyTest.testMain(WikiPhilosophyTest.java:29)
</error>
  </testcase>
  <system-out><![CDATA[Java is a general-purpose computer programming language that is concurrent, class-based, object-oriented,[14] and specifically designed to have as few implementation dependencies as possible. It is intended to let application developers "write once, run anywhere" (WORA),[15] meaning that compiled Java code can run on all platforms that support Java without the need for recompilation.[16] Java applications are typically compiled to bytecode that can run on any Java virtual machine (JVM) regardless of computer architecture. As of 2016, Java is one of the most popular programming languages in use,[17][18][19][20] particularly for client-server web applications, with a reported 9 million developers.[citation needed] Java was originally developed by James Gosling at Sun Microsystems (which has since been acquired by Oracle Corporation) and released in 1995 as a core component of Sun Microsystems' Java platform. The language derives much of its syntax from C and C++, but it has fewer low-level facilities than either of them.]]></system-out>
  <system-err><![CDATA[]]></system-err>
</testsuite>
